{"level":"error","message":"Cab already exists","registrationNumber":"UP85CE5455","service":"cabBookingPOC","timestamp":"2023-04-26T09:26:17.766Z"}
{"driverName":"Kush","level":"info","message":"Cab added successfully","registrationNumber":"HR50CE5455","service":"cabBookingPOC","timestamp":"2023-04-26T09:26:58.574Z"}
{"level":"error","message":"Cab already exists","registrationNumber":"HR50CE5455","service":"","timestamp":"2023-04-26T09:34:57.436Z"}
{"level":"error","message":"Cab already exists","registrationNumber":"HR50CE5455","service":"cabBookingPOC","timestamp":"2023-04-26T09:36:28.935Z"}
{"cabId":"6448bf791af7fc0e2bf67482","level":"error","message":"Cab already booked with same locations","service":"cabBookingPOC","timestamp":"2023-04-26T10:29:45.299Z"}
{"cabId":"6448ee626f525f98d5255d38","level":"error","message":"Cab already booked with same locations","service":"cabBookingPOC","timestamp":"2023-04-27T05:36:08.094Z"}
{"cabId":"6448ee626f525f98d5255d38","level":"info","message":"Cab booked successfully","service":"cabBookingPOC","timestamp":"2023-04-27T05:36:21.397Z"}
{"driverName":"Kush","level":"info","message":"Cab added successfully","registrationNumber":"HR50CE5455","service":"cabBookingPOC","timestamp":"2023-04-28T10:55:03.078Z"}
{"level":"error","message":"Cab already exists","registrationNumber":"HR50CE5455","service":"cabBookingPOC","timestamp":"2023-04-28T10:55:07.187Z"}
{"driverName":"Kamlesh","level":"info","message":"Cab added successfully","registrationNumber":"HR50CE555","service":"cabBookingPOC","timestamp":"2023-04-28T10:55:22.128Z"}
{"driverName":"Gaurav","level":"info","message":"Cab added successfully","registrationNumber":"HR50CE5558","service":"cabBookingPOC","timestamp":"2023-04-28T10:55:35.903Z"}
{"cabId":"644ba607e0897e20196ef709","level":"info","message":"Cab booked successfully","service":"cabBookingPOC","timestamp":"2023-04-28T11:05:45.806Z"}
{"driverPhoneNumber":"123456789","level":"error","message":"Incorrect phone number","service":"cabBookingPOC","timestamp":"2023-05-01T09:58:24.617Z"}
{"level":"error","message":"Cab already exists","registrationNumber":"AB1234","service":"cabBookingPOC","timestamp":"2023-05-01T09:58:24.628Z"}
{"driverName":"Kush","level":"info","message":"Cab added successfully","registrationNumber":"AB1234","service":"cabBookingPOC","timestamp":"2023-05-01T09:58:24.641Z"}
{"driverPhoneNumber":"123456789","level":"error","message":"Incorrect phone number","service":"cabBookingPOC","timestamp":"2023-05-01T10:02:18.862Z"}
{"level":"error","message":"Cab already exists","registrationNumber":"AB1234","service":"cabBookingPOC","timestamp":"2023-05-01T10:02:18.878Z"}
{"driverName":"Kush","level":"info","message":"Cab added successfully","registrationNumber":"AB1234","service":"cabBookingPOC","timestamp":"2023-05-01T10:02:18.889Z"}
{"driverPhoneNumber":"123456789","level":"error","message":"Incorrect phone number","service":"cabBookingPOC","timestamp":"2023-05-01T10:14:29.863Z"}
{"level":"error","message":"Cab already exists","registrationNumber":"AB1234","service":"cabBookingPOC","timestamp":"2023-05-01T10:14:29.878Z"}
{"driverName":"Kush","level":"info","message":"Cab added successfully","registrationNumber":"AB1234","service":"cabBookingPOC","timestamp":"2023-05-01T10:14:29.892Z"}
{"driverPhoneNumber":"123456789","level":"error","message":"Incorrect phone number","service":"cabBookingPOC","timestamp":"2023-05-01T10:16:01.595Z"}
{"level":"error","message":"Cab already exists","registrationNumber":"AB1234","service":"cabBookingPOC","timestamp":"2023-05-01T10:16:01.610Z"}
{"driverName":"Kush","level":"info","message":"Cab added successfully","registrationNumber":"AB1234","service":"cabBookingPOC","timestamp":"2023-05-01T10:16:01.624Z"}
{"driverPhoneNumber":"123456789","level":"error","message":"Incorrect phone number","service":"cabBookingPOC","timestamp":"2023-05-01T10:42:50.426Z"}
{"level":"error","message":"Cab already exists","registrationNumber":"AB1234","service":"cabBookingPOC","timestamp":"2023-05-01T10:42:50.444Z"}
{"driverName":"Kush","level":"info","message":"Cab added successfully","registrationNumber":"AB1234","service":"cabBookingPOC","timestamp":"2023-05-01T10:42:50.459Z"}
{"driverPhoneNumber":"123456789","level":"error","message":"Incorrect phone number","service":"cabBookingPOC","timestamp":"2023-05-01T10:51:34.198Z"}
{"level":"error","message":"Cab already exists","registrationNumber":"AB1234","service":"cabBookingPOC","timestamp":"2023-05-01T10:51:34.213Z"}
{"driverName":"Kush","level":"info","message":"Cab added successfully","registrationNumber":"AB1234","service":"cabBookingPOC","timestamp":"2023-05-01T10:51:34.227Z"}
{"driverPhoneNumber":"123456789","level":"error","message":"Incorrect phone number","service":"cabBookingPOC","timestamp":"2023-05-01T10:52:56.588Z"}
{"level":"error","message":"Cab already exists","registrationNumber":"AB1234","service":"cabBookingPOC","timestamp":"2023-05-01T10:52:56.604Z"}
{"driverName":"Kush","level":"info","message":"Cab added successfully","registrationNumber":"AB1234","service":"cabBookingPOC","timestamp":"2023-05-01T10:52:56.620Z"}
{"driverPhoneNumber":"123456789","level":"error","message":"Incorrect phone number","service":"cabBookingPOC","timestamp":"2023-05-01T10:54:51.879Z"}
{"level":"error","message":"Cab already exists","registrationNumber":"AB1234","service":"cabBookingPOC","timestamp":"2023-05-01T10:54:51.896Z"}
{"driverName":"Kush","level":"info","message":"Cab added successfully","registrationNumber":"AB1234","service":"cabBookingPOC","timestamp":"2023-05-01T10:54:51.907Z"}
{"driverPhoneNumber":"123456789","level":"error","message":"Incorrect phone number","service":"cabBookingPOC","timestamp":"2023-05-01T10:56:51.025Z"}
{"level":"error","message":"Cab already exists","registrationNumber":"AB1234","service":"cabBookingPOC","timestamp":"2023-05-01T10:56:51.040Z"}
{"driverName":"Kush","level":"info","message":"Cab added successfully","registrationNumber":"AB1234","service":"cabBookingPOC","timestamp":"2023-05-01T10:56:51.051Z"}
{"driverPhoneNumber":"123456789","level":"error","message":"Incorrect phone number","service":"cabBookingPOC","timestamp":"2023-05-01T10:57:21.802Z"}
{"level":"error","message":"Cab already exists","registrationNumber":"AB1234","service":"cabBookingPOC","timestamp":"2023-05-01T10:57:21.815Z"}
{"driverName":"Kush","level":"info","message":"Cab added successfully","registrationNumber":"AB1234","service":"cabBookingPOC","timestamp":"2023-05-01T10:57:21.827Z"}
{"driverPhoneNumber":"123456789","level":"error","message":"Incorrect phone number","service":"cabBookingPOC","timestamp":"2023-05-02T04:05:56.158Z"}
{"level":"error","message":"Cab already exists","registrationNumber":"AB1234","service":"cabBookingPOC","timestamp":"2023-05-02T04:05:56.174Z"}
{"driverName":"Kush","level":"info","message":"Cab added successfully","registrationNumber":"AB1234","service":"cabBookingPOC","timestamp":"2023-05-02T04:05:56.187Z"}
{"driverPhoneNumber":"123456789","level":"error","message":"Incorrect phone number","service":"cabBookingPOC","timestamp":"2023-05-02T04:07:13.758Z"}
{"level":"error","message":"Cab already exists","registrationNumber":"AB1234","service":"cabBookingPOC","timestamp":"2023-05-02T04:07:13.775Z"}
{"driverName":"Kush","level":"info","message":"Cab added successfully","registrationNumber":"AB1234","service":"cabBookingPOC","timestamp":"2023-05-02T04:07:13.790Z"}
{"driverPhoneNumber":"123456789","level":"error","message":"Incorrect phone number","service":"cabBookingPOC","timestamp":"2023-05-02T04:10:03.014Z"}
{"level":"error","message":"Cab already exists","registrationNumber":"AB1234","service":"cabBookingPOC","timestamp":"2023-05-02T04:10:03.035Z"}
{"driverName":"Kush","level":"info","message":"Cab added successfully","registrationNumber":"AB1234","service":"cabBookingPOC","timestamp":"2023-05-02T04:10:03.050Z"}
{"driverPhoneNumber":"123456789","level":"error","message":"Incorrect phone number","service":"cabBookingPOC","timestamp":"2023-05-02T04:11:26.405Z"}
{"level":"error","message":"Cab already exists","registrationNumber":"AB1234","service":"cabBookingPOC","timestamp":"2023-05-02T04:11:26.422Z"}
{"driverName":"Kush","level":"info","message":"Cab added successfully","registrationNumber":"AB1234","service":"cabBookingPOC","timestamp":"2023-05-02T04:11:26.435Z"}
{"driverPhoneNumber":"123456789","level":"error","message":"Incorrect phone number","service":"cabBookingPOC","timestamp":"2023-05-02T04:12:16.605Z"}
{"level":"error","message":"Cab already exists","registrationNumber":"AB1234","service":"cabBookingPOC","timestamp":"2023-05-02T04:12:16.625Z"}
{"driverName":"Kush","level":"info","message":"Cab added successfully","registrationNumber":"AB1234","service":"cabBookingPOC","timestamp":"2023-05-02T04:12:16.635Z"}
{"driverPhoneNumber":"123456789","level":"error","message":"Incorrect phone number","service":"cabBookingPOC","timestamp":"2023-05-02T04:23:36.988Z"}
{"level":"error","message":"Cab already exists","registrationNumber":"AB1234","service":"cabBookingPOC","timestamp":"2023-05-02T04:23:37.006Z"}
{"driverName":"Kush","level":"info","message":"Cab added successfully","registrationNumber":"AB1234","service":"cabBookingPOC","timestamp":"2023-05-02T04:23:37.022Z"}
{"driverPhoneNumber":"123456789","level":"error","message":"Incorrect phone number","service":"cabBookingPOC","timestamp":"2023-05-02T05:37:04.535Z"}
{"level":"error","message":"Cab already exists","registrationNumber":"AB1234","service":"cabBookingPOC","timestamp":"2023-05-02T05:37:04.550Z"}
{"driverName":"Kush","level":"info","message":"Cab added successfully","registrationNumber":"AB1234","service":"cabBookingPOC","timestamp":"2023-05-02T05:37:04.563Z"}
{"driverPhoneNumber":"123456789","level":"error","message":"Incorrect phone number","service":"cabBookingPOC","timestamp":"2023-05-02T05:41:07.595Z"}
{"level":"error","message":"Cab already exists","registrationNumber":"AB1234","service":"cabBookingPOC","timestamp":"2023-05-02T05:41:07.608Z"}
{"driverName":"Kush","level":"info","message":"Cab added successfully","registrationNumber":"AB1234","service":"cabBookingPOC","timestamp":"2023-05-02T05:41:07.623Z"}
{"driverPhoneNumber":"123456789","level":"error","message":"Incorrect phone number","service":"cabBookingPOC","timestamp":"2023-05-02T05:50:14.300Z"}
{"level":"error","message":"Cab already exists","registrationNumber":"AB1234","service":"cabBookingPOC","timestamp":"2023-05-02T05:50:14.314Z"}
{"driverName":"Kush","level":"info","message":"Cab added successfully","registrationNumber":"AB1234","service":"cabBookingPOC","timestamp":"2023-05-02T05:50:14.325Z"}
{"driverPhoneNumber":"123456789","level":"error","message":"Incorrect phone number","service":"cabBookingPOC","timestamp":"2023-05-02T05:51:13.584Z"}
{"level":"error","message":"Cab already exists","registrationNumber":"AB1234","service":"cabBookingPOC","timestamp":"2023-05-02T05:51:13.601Z"}
{"driverName":"Kush","level":"info","message":"Cab added successfully","registrationNumber":"AB1234","service":"cabBookingPOC","timestamp":"2023-05-02T05:51:13.611Z"}
{"driverPhoneNumber":"123456789","level":"error","message":"Incorrect phone number","service":"cabBookingPOC","timestamp":"2023-05-02T06:04:34.654Z"}
{"level":"error","message":"Cab already exists","registrationNumber":"AB1234","service":"cabBookingPOC","timestamp":"2023-05-02T06:04:34.678Z"}
{"driverName":"Kush","level":"info","message":"Cab added successfully","registrationNumber":"AB1234","service":"cabBookingPOC","timestamp":"2023-05-02T06:04:34.692Z"}
{"driverPhoneNumber":"123456789","level":"error","message":"Incorrect phone number","service":"cabBookingPOC","timestamp":"2023-05-02T06:05:37.231Z"}
{"level":"error","message":"Cab already exists","registrationNumber":"AB1234","service":"cabBookingPOC","timestamp":"2023-05-02T06:05:37.251Z"}
{"driverName":"Kush","level":"info","message":"Cab added successfully","registrationNumber":"AB1234","service":"cabBookingPOC","timestamp":"2023-05-02T06:05:37.267Z"}
{"driverPhoneNumber":"123456789","level":"error","message":"Incorrect phone number","service":"cabBookingPOC","timestamp":"2023-05-02T06:07:21.107Z"}
{"level":"error","message":"Cab already exists","registrationNumber":"AB1234","service":"cabBookingPOC","timestamp":"2023-05-02T06:07:21.125Z"}
{"driverName":"Kush","level":"info","message":"Cab added successfully","registrationNumber":"AB1234","service":"cabBookingPOC","timestamp":"2023-05-02T06:07:21.142Z"}
{"driverPhoneNumber":"123456789","level":"error","message":"Incorrect phone number","service":"cabBookingPOC","timestamp":"2023-05-02T06:16:37.958Z"}
{"level":"error","message":"Cab already exists","registrationNumber":"AB1234","service":"cabBookingPOC","timestamp":"2023-05-02T06:16:37.973Z"}
{"driverName":"Kush","level":"info","message":"Cab added successfully","registrationNumber":"AB1234","service":"cabBookingPOC","timestamp":"2023-05-02T06:16:37.985Z"}
{"driverPhoneNumber":"123456789","level":"error","message":"Incorrect phone number","service":"cabBookingPOC","timestamp":"2023-05-02T06:19:25.459Z"}
{"level":"error","message":"Cab already exists","registrationNumber":"AB1234","service":"cabBookingPOC","timestamp":"2023-05-02T06:19:25.476Z"}
{"driverName":"Kush","level":"info","message":"Cab added successfully","registrationNumber":"AB1234","service":"cabBookingPOC","timestamp":"2023-05-02T06:19:25.488Z"}
{"driverPhoneNumber":"123456789","level":"error","message":"Incorrect phone number","service":"cabBookingPOC","timestamp":"2023-05-02T06:20:30.666Z"}
{"level":"error","message":"Cab already exists","registrationNumber":"AB1234","service":"cabBookingPOC","timestamp":"2023-05-02T06:20:30.683Z"}
{"driverName":"Kush","level":"info","message":"Cab added successfully","registrationNumber":"AB1234","service":"cabBookingPOC","timestamp":"2023-05-02T06:20:30.694Z"}
{"driverPhoneNumber":"123456789","level":"error","message":"Incorrect phone number","service":"cabBookingPOC","timestamp":"2023-05-02T06:21:15.863Z"}
{"level":"error","message":"Cab already exists","registrationNumber":"AB1234","service":"cabBookingPOC","timestamp":"2023-05-02T06:21:15.889Z"}
{"driverName":"Kush","level":"info","message":"Cab added successfully","registrationNumber":"AB1234","service":"cabBookingPOC","timestamp":"2023-05-02T06:21:15.916Z"}
{"cabId":"6450e79fe4862be550494ad0","level":"info","message":"Cab booked successfully","service":"cabBookingPOC","timestamp":"2023-05-02T10:36:15.577Z"}
{"cabId":"6450e7d0213c1183dcce3743","level":"info","message":"Cab booked successfully","service":"cabBookingPOC","timestamp":"2023-05-02T10:37:04.448Z"}
{"cabId":"6450e7f413ff18af68c3257d","level":"info","message":"Cab booked successfully","service":"cabBookingPOC","timestamp":"2023-05-02T10:37:40.141Z"}
{"cabId":"6450e82bd18d7c7a699da6e6","level":"info","message":"Cab booked successfully","service":"cabBookingPOC","timestamp":"2023-05-02T10:38:35.233Z"}
{"cabId":"6450e8cd1bc665d1df95f480","level":"info","message":"Cab booked successfully","service":"cabBookingPOC","timestamp":"2023-05-02T10:41:17.922Z"}
{"cabId":"64510365b627b4b1b6b210ba","level":"info","message":"Cab booked successfully","service":"cabBookingPOC","timestamp":"2023-05-02T12:34:45.140Z"}
{"cabId":"6451f541035f4d83480467ae","level":"info","message":"Cab booked successfully","service":"cabBookingPOC","timestamp":"2023-05-03T05:46:41.730Z"}
{"cabId":"6452076393c4cefdc9def92b","level":"info","message":"Cab booked successfully","service":"cabBookingPOC","timestamp":"2023-05-03T07:04:03.959Z"}
{"cabId":"645207a5e2c5fb74c58dde4c","level":"info","message":"Cab booked successfully","service":"cabBookingPOC","timestamp":"2023-05-03T07:05:09.813Z"}
{"cabId":"6452088449bdfba6792ae749","level":"info","message":"Cab booked successfully","service":"cabBookingPOC","timestamp":"2023-05-03T07:08:52.925Z"}
{"cabId":"64520992866fe41da4fc7eac","level":"info","message":"Cab booked successfully","service":"cabBookingPOC","timestamp":"2023-05-03T07:13:22.269Z"}
{"cabId":"64520992866fe41da4fc7eac","level":"error","message":"Cab already booked with same locations","service":"cabBookingPOC","timestamp":"2023-05-03T07:13:22.378Z"}
{"cabId":"645209d58c20a5386455b5e9","level":"info","message":"Cab booked successfully","service":"cabBookingPOC","timestamp":"2023-05-03T07:14:29.207Z"}
{"cabId":"645209d58c20a5386455b5e9","level":"error","message":"Cab already booked with same locations","service":"cabBookingPOC","timestamp":"2023-05-03T07:14:29.297Z"}
{"cabId":"6452221be84f739426ef7474","level":"info","message":"Cab booked successfully","service":"cabBookingPOC","timestamp":"2023-05-03T08:58:03.045Z"}
{"cabId":"6452221be84f739426ef7474","level":"error","message":"Cab already booked with same locations","service":"cabBookingPOC","timestamp":"2023-05-03T08:58:03.068Z"}
{"cabId":"645223950a0fa3cc095f7585","level":"info","message":"Cab booked successfully","service":"cabBookingPOC","timestamp":"2023-05-03T09:04:21.295Z"}
{"cabId":"645223950a0fa3cc095f7585","level":"error","message":"Cab already booked with same locations","service":"cabBookingPOC","timestamp":"2023-05-03T09:04:21.335Z"}
