{"level":"error","message":"Cab already exists","registrationNumber":"UP85CE5455","service":"cabBookingPOC","timestamp":"2023-04-26T09:26:17.766Z"}
{"level":"error","message":"Cab already exists","registrationNumber":"HR50CE5455","service":"","timestamp":"2023-04-26T09:34:57.436Z"}
{"level":"error","message":"Cab already exists","registrationNumber":"HR50CE5455","service":"cabBookingPOC","timestamp":"2023-04-26T09:36:28.935Z"}
{"cabId":"6448bf791af7fc0e2bf67482","level":"error","message":"Cab already booked with same locations","service":"cabBookingPOC","timestamp":"2023-04-26T10:29:45.299Z"}
{"cabId":"6448ee626f525f98d5255d38","level":"error","message":"Cab already booked with same locations","service":"cabBookingPOC","timestamp":"2023-04-27T05:36:08.094Z"}
{"level":"error","message":"Cab already exists","registrationNumber":"HR50CE5455","service":"cabBookingPOC","timestamp":"2023-04-28T10:55:07.187Z"}
{"driverPhoneNumber":"123456789","level":"error","message":"Incorrect phone number","service":"cabBookingPOC","timestamp":"2023-05-01T09:58:24.617Z"}
{"level":"error","message":"Cab already exists","registrationNumber":"AB1234","service":"cabBookingPOC","timestamp":"2023-05-01T09:58:24.628Z"}
{"driverPhoneNumber":"123456789","level":"error","message":"Incorrect phone number","service":"cabBookingPOC","timestamp":"2023-05-01T10:02:18.862Z"}
{"level":"error","message":"Cab already exists","registrationNumber":"AB1234","service":"cabBookingPOC","timestamp":"2023-05-01T10:02:18.878Z"}
{"driverPhoneNumber":"123456789","level":"error","message":"Incorrect phone number","service":"cabBookingPOC","timestamp":"2023-05-01T10:14:29.863Z"}
{"level":"error","message":"Cab already exists","registrationNumber":"AB1234","service":"cabBookingPOC","timestamp":"2023-05-01T10:14:29.878Z"}
{"driverPhoneNumber":"123456789","level":"error","message":"Incorrect phone number","service":"cabBookingPOC","timestamp":"2023-05-01T10:16:01.595Z"}
{"level":"error","message":"Cab already exists","registrationNumber":"AB1234","service":"cabBookingPOC","timestamp":"2023-05-01T10:16:01.610Z"}
{"driverPhoneNumber":"123456789","level":"error","message":"Incorrect phone number","service":"cabBookingPOC","timestamp":"2023-05-01T10:42:50.426Z"}
{"level":"error","message":"Cab already exists","registrationNumber":"AB1234","service":"cabBookingPOC","timestamp":"2023-05-01T10:42:50.444Z"}
{"driverPhoneNumber":"123456789","level":"error","message":"Incorrect phone number","service":"cabBookingPOC","timestamp":"2023-05-01T10:51:34.198Z"}
{"level":"error","message":"Cab already exists","registrationNumber":"AB1234","service":"cabBookingPOC","timestamp":"2023-05-01T10:51:34.213Z"}
{"driverPhoneNumber":"123456789","level":"error","message":"Incorrect phone number","service":"cabBookingPOC","timestamp":"2023-05-01T10:52:56.588Z"}
{"level":"error","message":"Cab already exists","registrationNumber":"AB1234","service":"cabBookingPOC","timestamp":"2023-05-01T10:52:56.604Z"}
{"driverPhoneNumber":"123456789","level":"error","message":"Incorrect phone number","service":"cabBookingPOC","timestamp":"2023-05-01T10:54:51.879Z"}
{"level":"error","message":"Cab already exists","registrationNumber":"AB1234","service":"cabBookingPOC","timestamp":"2023-05-01T10:54:51.896Z"}
{"driverPhoneNumber":"123456789","level":"error","message":"Incorrect phone number","service":"cabBookingPOC","timestamp":"2023-05-01T10:56:51.025Z"}
{"level":"error","message":"Cab already exists","registrationNumber":"AB1234","service":"cabBookingPOC","timestamp":"2023-05-01T10:56:51.040Z"}
{"driverPhoneNumber":"123456789","level":"error","message":"Incorrect phone number","service":"cabBookingPOC","timestamp":"2023-05-01T10:57:21.802Z"}
{"level":"error","message":"Cab already exists","registrationNumber":"AB1234","service":"cabBookingPOC","timestamp":"2023-05-01T10:57:21.815Z"}
{"driverPhoneNumber":"123456789","level":"error","message":"Incorrect phone number","service":"cabBookingPOC","timestamp":"2023-05-02T04:05:56.158Z"}
{"level":"error","message":"Cab already exists","registrationNumber":"AB1234","service":"cabBookingPOC","timestamp":"2023-05-02T04:05:56.174Z"}
{"driverPhoneNumber":"123456789","level":"error","message":"Incorrect phone number","service":"cabBookingPOC","timestamp":"2023-05-02T04:07:13.758Z"}
{"level":"error","message":"Cab already exists","registrationNumber":"AB1234","service":"cabBookingPOC","timestamp":"2023-05-02T04:07:13.775Z"}
{"driverPhoneNumber":"123456789","level":"error","message":"Incorrect phone number","service":"cabBookingPOC","timestamp":"2023-05-02T04:10:03.014Z"}
{"level":"error","message":"Cab already exists","registrationNumber":"AB1234","service":"cabBookingPOC","timestamp":"2023-05-02T04:10:03.035Z"}
{"driverPhoneNumber":"123456789","level":"error","message":"Incorrect phone number","service":"cabBookingPOC","timestamp":"2023-05-02T04:11:26.405Z"}
{"level":"error","message":"Cab already exists","registrationNumber":"AB1234","service":"cabBookingPOC","timestamp":"2023-05-02T04:11:26.422Z"}
{"driverPhoneNumber":"123456789","level":"error","message":"Incorrect phone number","service":"cabBookingPOC","timestamp":"2023-05-02T04:12:16.605Z"}
{"level":"error","message":"Cab already exists","registrationNumber":"AB1234","service":"cabBookingPOC","timestamp":"2023-05-02T04:12:16.625Z"}
{"driverPhoneNumber":"123456789","level":"error","message":"Incorrect phone number","service":"cabBookingPOC","timestamp":"2023-05-02T04:23:36.988Z"}
{"level":"error","message":"Cab already exists","registrationNumber":"AB1234","service":"cabBookingPOC","timestamp":"2023-05-02T04:23:37.006Z"}
{"driverPhoneNumber":"123456789","level":"error","message":"Incorrect phone number","service":"cabBookingPOC","timestamp":"2023-05-02T05:37:04.535Z"}
{"level":"error","message":"Cab already exists","registrationNumber":"AB1234","service":"cabBookingPOC","timestamp":"2023-05-02T05:37:04.550Z"}
{"driverPhoneNumber":"123456789","level":"error","message":"Incorrect phone number","service":"cabBookingPOC","timestamp":"2023-05-02T05:41:07.595Z"}
{"level":"error","message":"Cab already exists","registrationNumber":"AB1234","service":"cabBookingPOC","timestamp":"2023-05-02T05:41:07.608Z"}
{"driverPhoneNumber":"123456789","level":"error","message":"Incorrect phone number","service":"cabBookingPOC","timestamp":"2023-05-02T05:50:14.300Z"}
{"level":"error","message":"Cab already exists","registrationNumber":"AB1234","service":"cabBookingPOC","timestamp":"2023-05-02T05:50:14.314Z"}
{"driverPhoneNumber":"123456789","level":"error","message":"Incorrect phone number","service":"cabBookingPOC","timestamp":"2023-05-02T05:51:13.584Z"}
{"level":"error","message":"Cab already exists","registrationNumber":"AB1234","service":"cabBookingPOC","timestamp":"2023-05-02T05:51:13.601Z"}
{"driverPhoneNumber":"123456789","level":"error","message":"Incorrect phone number","service":"cabBookingPOC","timestamp":"2023-05-02T06:04:34.654Z"}
{"level":"error","message":"Cab already exists","registrationNumber":"AB1234","service":"cabBookingPOC","timestamp":"2023-05-02T06:04:34.678Z"}
{"driverPhoneNumber":"123456789","level":"error","message":"Incorrect phone number","service":"cabBookingPOC","timestamp":"2023-05-02T06:05:37.231Z"}
{"level":"error","message":"Cab already exists","registrationNumber":"AB1234","service":"cabBookingPOC","timestamp":"2023-05-02T06:05:37.251Z"}
{"driverPhoneNumber":"123456789","level":"error","message":"Incorrect phone number","service":"cabBookingPOC","timestamp":"2023-05-02T06:07:21.107Z"}
{"level":"error","message":"Cab already exists","registrationNumber":"AB1234","service":"cabBookingPOC","timestamp":"2023-05-02T06:07:21.125Z"}
{"driverPhoneNumber":"123456789","level":"error","message":"Incorrect phone number","service":"cabBookingPOC","timestamp":"2023-05-02T06:16:37.958Z"}
{"level":"error","message":"Cab already exists","registrationNumber":"AB1234","service":"cabBookingPOC","timestamp":"2023-05-02T06:16:37.973Z"}
{"driverPhoneNumber":"123456789","level":"error","message":"Incorrect phone number","service":"cabBookingPOC","timestamp":"2023-05-02T06:19:25.459Z"}
{"level":"error","message":"Cab already exists","registrationNumber":"AB1234","service":"cabBookingPOC","timestamp":"2023-05-02T06:19:25.476Z"}
{"driverPhoneNumber":"123456789","level":"error","message":"Incorrect phone number","service":"cabBookingPOC","timestamp":"2023-05-02T06:20:30.666Z"}
{"level":"error","message":"Cab already exists","registrationNumber":"AB1234","service":"cabBookingPOC","timestamp":"2023-05-02T06:20:30.683Z"}
{"driverPhoneNumber":"123456789","level":"error","message":"Incorrect phone number","service":"cabBookingPOC","timestamp":"2023-05-02T06:21:15.863Z"}
{"level":"error","message":"Cab already exists","registrationNumber":"AB1234","service":"cabBookingPOC","timestamp":"2023-05-02T06:21:15.889Z"}
